2022-07-24 20:04:59,304 - agents.Base_Agent - INFO - 0 -- carla
2022-07-24 20:04:59,304 - agents.Base_Agent - INFO - 1 -- DISCRETE
2022-07-24 20:04:59,304 - agents.Base_Agent - INFO - 2 -- 36
2022-07-24 20:04:59,304 - agents.Base_Agent - INFO - 3 -- None
2022-07-24 20:04:59,305 - agents.Base_Agent - INFO - 4 -- 182
2022-07-24 20:04:59,305 - agents.Base_Agent - INFO - 5 -- {'learning_rate': 0.001, 'batch_size': 32, 'buffer_size': 40000, 'epsilon': 0.1, 'epsilon_decay_rate_denominator': 0.999, 'discount_rate': 0.99, 'tau': 0.01, 'alpha_prioritised_replay': 0.6, 'beta_prioritised_replay': 0.1, 'incremental_td_error': 1e-08, 'update_every_n_steps': 25, 'linear_hidden_units': [64, 32], 'final_layer_activation': 'None', 'batch_norm': False, 'gradient_clipping_norm': 0.7, 'learning_iterations': 1, 'clip_rewards': False}
2022-07-24 20:04:59,305 - agents.Base_Agent - INFO - 6 -- inf
2022-07-24 20:04:59,305 - agents.Base_Agent - INFO - 7 -- 10
2022-07-24 20:04:59,305 - agents.Base_Agent - INFO - 8 -- cuda:0
2022-07-24 20:05:12,343 - agents.Base_Agent - INFO - Loss -- 1.7443461418151855
2022-07-24 20:05:15,413 - agents.Base_Agent - INFO - Loss -- 1.3668501377105713
2022-07-24 20:05:18,366 - agents.Base_Agent - INFO - Loss -- 1.1000075340270996
2022-07-24 20:05:21,472 - agents.Base_Agent - INFO - Loss -- 0.9574505090713501
2022-07-24 20:05:24,680 - agents.Base_Agent - INFO - Loss -- 0.7521260976791382
2022-07-24 20:05:27,885 - agents.Base_Agent - INFO - Loss -- 0.5149165987968445
2022-07-24 20:05:31,052 - agents.Base_Agent - INFO - Loss -- 0.4035370349884033
2022-07-24 20:05:34,113 - agents.Base_Agent - INFO - Loss -- 0.4788888096809387
2022-07-24 20:05:37,230 - agents.Base_Agent - INFO - Loss -- 0.4998857378959656
2022-07-24 20:05:40,375 - agents.Base_Agent - INFO - Loss -- 0.6811438798904419
2022-07-24 20:05:43,748 - agents.Base_Agent - INFO - Loss -- 0.7521183490753174
2022-07-24 20:05:46,980 - agents.Base_Agent - INFO - Loss -- 0.8003778457641602
2022-07-24 20:05:50,409 - agents.Base_Agent - INFO - Loss -- 0.813961923122406
2022-07-24 20:05:53,807 - agents.Base_Agent - INFO - Loss -- 0.6609328389167786
2022-07-24 20:05:57,090 - agents.Base_Agent - INFO - Loss -- 0.8858028650283813
2022-07-24 20:06:00,573 - agents.Base_Agent - INFO - Loss -- 0.9126996994018555
2022-07-24 20:06:03,830 - agents.Base_Agent - INFO - Loss -- 1.0758986473083496
2022-07-24 20:06:07,140 - agents.Base_Agent - INFO - Loss -- 1.0742144584655762
2022-07-24 20:06:10,423 - agents.Base_Agent - INFO - Loss -- 1.279066562652588
2022-07-24 20:06:17,300 - agents.Base_Agent - INFO - Loss -- 1.1821359395980835
2022-07-24 20:06:20,278 - agents.Base_Agent - INFO - Loss -- 2.2962164878845215
2022-07-24 20:06:23,311 - agents.Base_Agent - INFO - Loss -- 1.3532592058181763
2022-07-24 20:06:26,384 - agents.Base_Agent - INFO - Loss -- 3.607412815093994
2022-07-24 20:06:29,538 - agents.Base_Agent - INFO - Loss -- 3.0760366916656494
2022-07-24 20:06:32,575 - agents.Base_Agent - INFO - Loss -- 2.2139673233032227
2022-07-24 20:06:35,556 - agents.Base_Agent - INFO - Loss -- 3.106566905975342
2022-07-24 20:06:38,658 - agents.Base_Agent - INFO - Loss -- 2.0939714908599854
2022-07-24 20:06:41,726 - agents.Base_Agent - INFO - Loss -- 5.248054504394531
2022-07-24 20:06:44,792 - agents.Base_Agent - INFO - Loss -- 4.678743362426758
2022-07-24 20:06:47,946 - agents.Base_Agent - INFO - Loss -- 4.479310035705566
2022-07-24 20:06:51,079 - agents.Base_Agent - INFO - Loss -- 7.203522682189941
2022-07-24 20:06:54,226 - agents.Base_Agent - INFO - Loss -- 4.10615348815918
2022-07-24 20:06:57,261 - agents.Base_Agent - INFO - Loss -- 5.852916717529297
2022-07-24 20:07:00,340 - agents.Base_Agent - INFO - Loss -- 7.839460372924805
2022-07-24 20:07:03,625 - agents.Base_Agent - INFO - Loss -- 6.686956405639648
2022-07-24 20:07:06,803 - agents.Base_Agent - INFO - Loss -- 5.772089004516602
2022-07-24 20:07:10,048 - agents.Base_Agent - INFO - Loss -- 10.164656639099121
2022-07-24 20:07:13,316 - agents.Base_Agent - INFO - Loss -- 9.512846946716309
2022-07-24 20:07:16,438 - agents.Base_Agent - INFO - Loss -- 9.39448356628418
2022-07-24 20:07:24,229 - agents.Base_Agent - INFO - Loss -- 6.073721408843994
2022-07-24 20:07:27,142 - agents.Base_Agent - INFO - Loss -- 7.957688331604004
2022-07-24 20:07:30,008 - agents.Base_Agent - INFO - Loss -- 4.803869247436523
2022-07-24 20:07:33,101 - agents.Base_Agent - INFO - Loss -- 7.647469997406006
2022-07-24 20:07:36,081 - agents.Base_Agent - INFO - Loss -- 7.900527000427246
2022-07-24 20:07:39,039 - agents.Base_Agent - INFO - Loss -- 8.156540870666504
2022-07-24 20:07:42,050 - agents.Base_Agent - INFO - Loss -- 8.203333854675293
2022-07-24 20:07:45,061 - agents.Base_Agent - INFO - Loss -- 9.950185775756836
2022-07-24 20:07:48,033 - agents.Base_Agent - INFO - Loss -- 10.152342796325684
2022-07-24 20:07:51,019 - agents.Base_Agent - INFO - Loss -- 12.468271255493164
2022-07-24 20:07:54,140 - agents.Base_Agent - INFO - Loss -- 10.822761535644531
2022-07-24 20:07:57,251 - agents.Base_Agent - INFO - Loss -- 11.656099319458008
2022-07-24 20:08:00,327 - agents.Base_Agent - INFO - Loss -- 12.799558639526367
2022-07-24 20:08:03,358 - agents.Base_Agent - INFO - Loss -- 16.74034881591797
2022-07-24 20:08:06,380 - agents.Base_Agent - INFO - Loss -- 18.631641387939453
2022-07-24 20:08:09,453 - agents.Base_Agent - INFO - Loss -- 27.34353256225586
2022-07-24 20:08:16,444 - agents.Base_Agent - INFO - Loss -- 18.607532501220703
2022-07-24 20:08:19,439 - agents.Base_Agent - INFO - Loss -- 13.36191177368164
2022-07-24 20:08:22,495 - agents.Base_Agent - INFO - Loss -- 13.318780899047852
2022-07-24 20:08:25,602 - agents.Base_Agent - INFO - Loss -- 14.046796798706055
2022-07-24 20:08:28,719 - agents.Base_Agent - INFO - Loss -- 14.518424987792969
2022-07-24 20:08:31,828 - agents.Base_Agent - INFO - Loss -- 28.2977294921875
2022-07-24 20:08:34,811 - agents.Base_Agent - INFO - Loss -- 18.697616577148438
2022-07-24 20:08:37,880 - agents.Base_Agent - INFO - Loss -- 19.592227935791016
2022-07-24 20:08:40,976 - agents.Base_Agent - INFO - Loss -- 20.664226531982422
2022-07-24 20:08:44,137 - agents.Base_Agent - INFO - Loss -- 27.82086944580078
2022-07-24 20:08:47,146 - agents.Base_Agent - INFO - Loss -- 38.72264099121094
2022-07-24 20:08:50,197 - agents.Base_Agent - INFO - Loss -- 32.553627014160156
2022-07-24 20:08:53,322 - agents.Base_Agent - INFO - Loss -- 31.201641082763672
2022-07-24 20:08:56,411 - agents.Base_Agent - INFO - Loss -- 25.586515426635742
2022-07-24 20:08:59,486 - agents.Base_Agent - INFO - Loss -- 64.50205993652344
2022-07-24 20:09:02,537 - agents.Base_Agent - INFO - Loss -- 43.961936950683594
2022-07-24 20:09:05,770 - agents.Base_Agent - INFO - Loss -- 46.0350227355957
2022-07-24 20:09:08,854 - agents.Base_Agent - INFO - Loss -- 43.868499755859375
2022-07-24 20:09:12,013 - agents.Base_Agent - INFO - Loss -- 45.29652786254883
2022-07-24 20:09:15,199 - agents.Base_Agent - INFO - Loss -- 78.38819885253906
2022-07-24 20:09:22,238 - agents.Base_Agent - INFO - Loss -- 57.634071350097656
2022-07-24 20:09:25,459 - agents.Base_Agent - INFO - Loss -- 59.30181121826172
2022-07-24 20:09:28,611 - agents.Base_Agent - INFO - Loss -- 59.81230163574219
2022-07-24 20:09:31,878 - agents.Base_Agent - INFO - Loss -- 60.412086486816406
2022-07-24 20:09:35,080 - agents.Base_Agent - INFO - Loss -- 61.29081726074219
2022-07-24 20:09:38,378 - agents.Base_Agent - INFO - Loss -- 100.9675521850586
2022-07-24 20:09:41,764 - agents.Base_Agent - INFO - Loss -- 125.68572998046875
2022-07-24 20:09:45,254 - agents.Base_Agent - INFO - Loss -- 131.76885986328125
2022-07-24 20:09:48,862 - agents.Base_Agent - INFO - Loss -- 78.85623168945312
2022-07-24 20:09:52,291 - agents.Base_Agent - INFO - Loss -- 121.11915588378906
2022-07-24 20:09:55,678 - agents.Base_Agent - INFO - Loss -- 97.276611328125
2022-07-24 20:10:03,253 - agents.Base_Agent - INFO - Loss -- 165.11981201171875
2022-07-24 20:10:06,511 - agents.Base_Agent - INFO - Loss -- 162.52908325195312
2022-07-24 20:10:09,835 - agents.Base_Agent - INFO - Loss -- 105.99898529052734
2022-07-24 20:10:13,252 - agents.Base_Agent - INFO - Loss -- 122.4795150756836
2022-07-24 20:10:16,688 - agents.Base_Agent - INFO - Loss -- 141.53636169433594
2022-07-24 20:10:24,851 - agents.Base_Agent - INFO - Loss -- 122.48373413085938
2022-07-24 20:10:28,015 - agents.Base_Agent - INFO - Loss -- 187.83766174316406
2022-07-24 20:10:31,020 - agents.Base_Agent - INFO - Loss -- 200.4208984375
2022-07-24 20:10:34,067 - agents.Base_Agent - INFO - Loss -- 223.4007110595703
2022-07-24 20:10:37,241 - agents.Base_Agent - INFO - Loss -- 225.46568298339844
2022-07-24 20:10:40,321 - agents.Base_Agent - INFO - Loss -- 225.6790008544922
2022-07-24 20:10:43,464 - agents.Base_Agent - INFO - Loss -- 224.6069793701172
2022-07-24 20:10:46,571 - agents.Base_Agent - INFO - Loss -- 222.17947387695312
2022-07-24 20:10:49,623 - agents.Base_Agent - INFO - Loss -- 208.1138458251953
2022-07-24 20:10:52,672 - agents.Base_Agent - INFO - Loss -- 170.8480224609375
2022-07-24 20:10:55,768 - agents.Base_Agent - INFO - Loss -- 166.27032470703125
2022-07-24 20:10:59,000 - agents.Base_Agent - INFO - Loss -- 161.82859802246094
2022-07-24 20:11:02,114 - agents.Base_Agent - INFO - Loss -- 156.53921508789062
2022-07-24 20:11:05,324 - agents.Base_Agent - INFO - Loss -- 151.11260986328125
2022-07-24 20:11:08,347 - agents.Base_Agent - INFO - Loss -- 144.94729614257812
2022-07-24 20:11:11,461 - agents.Base_Agent - INFO - Loss -- 147.52984619140625
2022-07-24 20:11:19,828 - agents.Base_Agent - INFO - Loss -- 257.2109375
2022-07-24 20:11:23,016 - agents.Base_Agent - INFO - Loss -- 274.6010437011719
2022-07-24 20:11:31,548 - agents.Base_Agent - INFO - Loss -- 341.4515380859375
2022-07-24 20:11:34,483 - agents.Base_Agent - INFO - Loss -- 343.0562438964844
2022-07-24 20:11:42,815 - agents.Base_Agent - INFO - Loss -- 440.06219482421875
2022-07-24 20:11:45,800 - agents.Base_Agent - INFO - Loss -- 370.7015380859375
2022-07-24 20:11:53,158 - agents.Base_Agent - INFO - Loss -- 145.71551513671875
2022-07-24 20:11:56,292 - agents.Base_Agent - INFO - Loss -- 377.0975341796875
2022-07-24 20:12:03,957 - agents.Base_Agent - INFO - Loss -- 464.1097106933594
2022-07-24 20:12:07,026 - agents.Base_Agent - INFO - Loss -- 366.84136962890625
2022-07-24 20:12:15,100 - agents.Base_Agent - INFO - Loss -- 353.62567138671875
2022-07-24 20:12:18,257 - agents.Base_Agent - INFO - Loss -- 498.1025390625
2022-07-24 20:12:25,356 - agents.Base_Agent - INFO - Loss -- 467.1938171386719
2022-07-24 20:12:32,850 - agents.Base_Agent - INFO - Loss -- 436.9411315917969
2022-07-24 20:12:35,832 - agents.Base_Agent - INFO - Loss -- 369.73822021484375
2022-07-24 20:12:38,914 - agents.Base_Agent - INFO - Loss -- 497.09027099609375
2022-07-24 20:12:42,049 - agents.Base_Agent - INFO - Loss -- 719.699462890625
2022-07-24 20:12:45,304 - agents.Base_Agent - INFO - Loss -- 663.7625732421875
2022-07-24 20:12:48,513 - agents.Base_Agent - INFO - Loss -- 338.9847412109375
2022-07-24 20:12:51,687 - agents.Base_Agent - INFO - Loss -- 1121.92431640625
2022-07-24 20:12:54,866 - agents.Base_Agent - INFO - Loss -- 573.2095947265625
2022-07-24 20:12:58,045 - agents.Base_Agent - INFO - Loss -- 350.20489501953125
2022-07-24 20:13:01,306 - agents.Base_Agent - INFO - Loss -- 697.2525634765625
2022-07-24 20:13:04,535 - agents.Base_Agent - INFO - Loss -- 373.63787841796875
2022-07-24 20:13:07,759 - agents.Base_Agent - INFO - Loss -- 369.74090576171875
2022-07-24 20:13:11,060 - agents.Base_Agent - INFO - Loss -- 604.8404541015625
2022-07-24 20:13:18,170 - agents.Base_Agent - INFO - Loss -- 808.5157470703125
2022-07-24 20:13:21,147 - agents.Base_Agent - INFO - Loss -- 850.5228271484375
2022-07-24 20:13:24,287 - agents.Base_Agent - INFO - Loss -- 425.6007080078125
2022-07-24 20:13:27,532 - agents.Base_Agent - INFO - Loss -- 614.7802734375
2022-07-24 20:13:35,859 - agents.Base_Agent - INFO - Loss -- 409.066650390625
2022-07-24 20:13:39,016 - agents.Base_Agent - INFO - Loss -- 1025.035888671875
2022-07-24 20:13:42,227 - agents.Base_Agent - INFO - Loss -- 1026.03369140625
2022-07-24 20:13:49,927 - agents.Base_Agent - INFO - Loss -- 952.9825439453125
2022-07-24 20:13:53,010 - agents.Base_Agent - INFO - Loss -- 393.0303039550781
2022-07-24 20:14:00,026 - agents.Base_Agent - INFO - Loss -- 1074.1416015625
2022-07-24 20:14:03,059 - agents.Base_Agent - INFO - Loss -- 921.2196655273438
2022-07-24 20:14:06,144 - agents.Base_Agent - INFO - Loss -- 1801.75927734375
2022-07-24 20:14:13,020 - agents.Base_Agent - INFO - Loss -- 1371.39599609375
2022-07-24 20:14:15,825 - agents.Base_Agent - INFO - Loss -- 1539.05224609375
2022-07-24 20:14:24,170 - agents.Base_Agent - INFO - Loss -- 1297.885009765625
2022-07-24 20:14:27,571 - agents.Base_Agent - INFO - Loss -- 619.6422119140625
2022-07-24 20:14:34,883 - agents.Base_Agent - INFO - Loss -- 1289.879638671875
2022-07-24 20:14:38,059 - agents.Base_Agent - INFO - Loss -- 2933.62646484375
2022-07-24 20:14:45,944 - agents.Base_Agent - INFO - Loss -- 1901.21533203125
2022-07-24 20:14:48,974 - agents.Base_Agent - INFO - Loss -- 1728.162841796875
2022-07-24 20:14:57,438 - agents.Base_Agent - INFO - Loss -- 1043.508056640625
2022-07-24 20:15:00,405 - agents.Base_Agent - INFO - Loss -- 1059.782958984375
2022-07-24 20:15:08,645 - agents.Base_Agent - INFO - Loss -- 867.7403564453125
2022-07-24 20:15:12,036 - agents.Base_Agent - INFO - Loss -- 3562.79052734375
2022-07-24 20:15:18,818 - agents.Base_Agent - INFO - Loss -- 1478.9453125
2022-07-24 20:15:25,929 - agents.Base_Agent - INFO - Loss -- 1229.602294921875
2022-07-24 20:15:29,023 - agents.Base_Agent - INFO - Loss -- 2580.8134765625
2022-07-24 20:15:32,147 - agents.Base_Agent - INFO - Loss -- 2157.0439453125
2022-07-24 20:15:40,775 - agents.Base_Agent - INFO - Loss -- 3294.220947265625
2022-07-24 20:15:48,958 - agents.Base_Agent - INFO - Loss -- 3197.18603515625
2022-07-24 20:15:51,891 - agents.Base_Agent - INFO - Loss -- 2155.1787109375
2022-07-24 20:15:59,014 - agents.Base_Agent - INFO - Loss -- 2364.859375
2022-07-24 20:16:02,075 - agents.Base_Agent - INFO - Loss -- 2898.035400390625
2022-07-24 20:16:10,285 - agents.Base_Agent - INFO - Loss -- 4927.9072265625
2022-07-24 20:16:13,445 - agents.Base_Agent - INFO - Loss -- 3523.27783203125
2022-07-24 20:16:20,375 - agents.Base_Agent - INFO - Loss -- 2981.230712890625
2022-07-24 20:16:23,399 - agents.Base_Agent - INFO - Loss -- 2956.51953125
2022-07-24 20:16:31,685 - agents.Base_Agent - INFO - Loss -- 2901.12353515625
2022-07-24 20:16:34,644 - agents.Base_Agent - INFO - Loss -- 2429.4912109375
2022-07-24 20:16:42,603 - agents.Base_Agent - INFO - Loss -- 2806.8056640625
2022-07-24 20:16:46,289 - agents.Base_Agent - INFO - Loss -- 3613.10302734375
2022-07-24 20:16:49,632 - agents.Base_Agent - INFO - Loss -- 2679.173828125
2022-07-24 20:16:53,306 - agents.Base_Agent - INFO - Loss -- 2628.704833984375
2022-07-24 20:16:57,970 - agents.Base_Agent - INFO - Loss -- 4675.712890625
2022-07-24 20:17:05,009 - agents.Base_Agent - INFO - Loss -- 1042.0357666015625
2022-07-24 20:17:11,174 - agents.Base_Agent - INFO - Loss -- 2288.321044921875
2022-07-24 20:17:19,466 - agents.Base_Agent - INFO - Loss -- 3447.553955078125
2022-07-24 20:17:27,682 - agents.Base_Agent - INFO - Loss -- 3643.76513671875
2022-07-24 20:17:30,710 - agents.Base_Agent - INFO - Loss -- 3583.93896484375
2022-07-24 20:17:38,105 - agents.Base_Agent - INFO - Loss -- 1785.15673828125
2022-07-24 20:17:41,397 - agents.Base_Agent - INFO - Loss -- 2897.8505859375
2022-07-24 20:17:48,805 - agents.Base_Agent - INFO - Loss -- 1593.159423828125
2022-07-24 20:17:56,540 - agents.Base_Agent - INFO - Loss -- 2916.163330078125
2022-07-24 20:17:59,726 - agents.Base_Agent - INFO - Loss -- 2967.601318359375
2022-07-24 20:18:02,833 - agents.Base_Agent - INFO - Loss -- 3169.75732421875
2022-07-24 20:18:05,931 - agents.Base_Agent - INFO - Loss -- 2878.16259765625
2022-07-24 20:18:09,055 - agents.Base_Agent - INFO - Loss -- 2777.534423828125
2022-07-24 20:18:12,230 - agents.Base_Agent - INFO - Loss -- 2634.7802734375
2022-07-24 20:18:15,411 - agents.Base_Agent - INFO - Loss -- 2458.813720703125
2022-07-24 20:18:18,573 - agents.Base_Agent - INFO - Loss -- 2260.085205078125
2022-07-24 20:18:21,711 - agents.Base_Agent - INFO - Loss -- 1027.3494873046875
2022-07-24 20:18:24,884 - agents.Base_Agent - INFO - Loss -- 2209.39306640625
2022-07-24 20:18:31,952 - agents.Base_Agent - INFO - Loss -- 14517.232421875
2022-07-24 20:18:34,940 - agents.Base_Agent - INFO - Loss -- 1903.1466064453125
2022-07-24 20:18:38,015 - agents.Base_Agent - INFO - Loss -- 9233.26953125
2022-07-24 20:18:45,148 - agents.Base_Agent - INFO - Loss -- 2868.275634765625
2022-07-24 20:18:48,283 - agents.Base_Agent - INFO - Loss -- 2986.45458984375
2022-07-24 20:18:55,794 - agents.Base_Agent - INFO - Loss -- 2221.93017578125
2022-07-24 20:18:59,035 - agents.Base_Agent - INFO - Loss -- 3511.66943359375
2022-07-24 20:19:06,869 - agents.Base_Agent - INFO - Loss -- 5667.28125
2022-07-24 20:19:14,692 - agents.Base_Agent - INFO - Loss -- 3463.89697265625
2022-07-24 20:19:17,777 - agents.Base_Agent - INFO - Loss -- 3161.694580078125
2022-07-24 20:19:25,004 - agents.Base_Agent - INFO - Loss -- 3245.09033203125
2022-07-24 20:19:28,165 - agents.Base_Agent - INFO - Loss -- 24542.404296875
2022-07-24 20:19:35,690 - agents.Base_Agent - INFO - Loss -- 2113.52197265625
2022-07-24 20:19:43,143 - agents.Base_Agent - INFO - Loss -- 11360.771484375
2022-07-24 20:19:46,415 - agents.Base_Agent - INFO - Loss -- 11434.3193359375
2022-07-24 20:19:54,752 - agents.Base_Agent - INFO - Loss -- 9257.0546875
2022-07-24 20:20:01,812 - agents.Base_Agent - INFO - Loss -- 2974.53125
2022-07-24 20:20:04,814 - agents.Base_Agent - INFO - Loss -- 3296.675048828125
2022-07-24 20:20:11,863 - agents.Base_Agent - INFO - Loss -- 10524.0576171875
2022-07-24 20:20:14,947 - agents.Base_Agent - INFO - Loss -- 20070.7578125
2022-07-24 20:20:18,003 - agents.Base_Agent - INFO - Loss -- 9857.236328125
2022-07-24 20:20:25,218 - agents.Base_Agent - INFO - Loss -- 6884.326171875
2022-07-24 20:20:28,157 - agents.Base_Agent - INFO - Loss -- 3936.95654296875
2022-07-24 20:20:35,136 - agents.Base_Agent - INFO - Loss -- 24301.400390625
2022-07-24 20:20:38,168 - agents.Base_Agent - INFO - Loss -- 25340.267578125
2022-07-24 20:20:46,314 - agents.Base_Agent - INFO - Loss -- 5656.2548828125
2022-07-24 20:20:49,291 - agents.Base_Agent - INFO - Loss -- 13124.517578125
2022-07-24 20:20:52,344 - agents.Base_Agent - INFO - Loss -- 13222.5546875
2022-07-24 20:20:59,846 - agents.Base_Agent - INFO - Loss -- 27220.330078125
2022-07-24 20:21:02,891 - agents.Base_Agent - INFO - Loss -- 4211.748046875
2022-07-24 20:21:11,109 - agents.Base_Agent - INFO - Loss -- 4186.7578125
2022-07-24 20:21:14,190 - agents.Base_Agent - INFO - Loss -- 16670.09375
2022-07-24 20:21:17,195 - agents.Base_Agent - INFO - Loss -- 5952.8603515625
2022-07-24 20:21:24,758 - agents.Base_Agent - INFO - Loss -- 7073.6845703125
2022-07-24 20:21:32,278 - agents.Base_Agent - INFO - Loss -- 48025.09765625
2022-07-24 20:21:35,246 - agents.Base_Agent - INFO - Loss -- 6962.95263671875
2022-07-24 20:21:42,549 - agents.Base_Agent - INFO - Loss -- 5707.794921875
2022-07-24 20:21:45,614 - agents.Base_Agent - INFO - Loss -- 4372.08447265625
2022-07-24 20:21:52,440 - agents.Base_Agent - INFO - Loss -- 51586.46875
2022-07-24 20:21:55,455 - agents.Base_Agent - INFO - Loss -- 8625.4892578125
2022-07-24 20:22:02,209 - agents.Base_Agent - INFO - Loss -- 8608.294921875
2022-07-24 20:22:05,262 - agents.Base_Agent - INFO - Loss -- 16134.9345703125
2022-07-24 20:22:12,753 - agents.Base_Agent - INFO - Loss -- 11745.912109375
2022-07-24 20:22:21,733 - agents.Base_Agent - INFO - Loss -- 29511.15625
2022-07-24 20:22:25,024 - agents.Base_Agent - INFO - Loss -- 62328.1171875
2022-07-24 20:22:33,119 - agents.Base_Agent - INFO - Loss -- 5419.548828125
2022-07-24 20:22:41,387 - agents.Base_Agent - INFO - Loss -- 55155.81640625
2022-07-24 20:22:44,387 - agents.Base_Agent - INFO - Loss -- 54817.2421875
2022-07-24 20:22:51,187 - agents.Base_Agent - INFO - Loss -- 8228.7578125
2022-07-24 20:22:54,166 - agents.Base_Agent - INFO - Loss -- 7799.04541015625
2022-07-24 20:22:57,258 - agents.Base_Agent - INFO - Loss -- 41637.6015625
2022-07-24 20:23:00,438 - agents.Base_Agent - INFO - Loss -- 44413.87109375
2022-07-24 20:23:03,527 - agents.Base_Agent - INFO - Loss -- 5124.66064453125
2022-07-24 20:23:10,668 - agents.Base_Agent - INFO - Loss -- 38547.0
2022-07-24 20:23:13,769 - agents.Base_Agent - INFO - Loss -- 34050.65625
2022-07-24 20:23:17,104 - agents.Base_Agent - INFO - Loss -- 48357.62890625
2022-07-24 20:23:25,351 - agents.Base_Agent - INFO - Loss -- 58001.1796875
2022-07-24 20:23:28,381 - agents.Base_Agent - INFO - Loss -- 61984.0078125
2022-07-24 20:23:31,361 - agents.Base_Agent - INFO - Loss -- 61869.1484375
2022-07-24 20:23:34,551 - agents.Base_Agent - INFO - Loss -- 43535.0078125
2022-07-24 20:23:37,583 - agents.Base_Agent - INFO - Loss -- 34171.1796875
2022-07-24 20:23:40,778 - agents.Base_Agent - INFO - Loss -- 3061.365478515625
2022-07-24 20:23:43,920 - agents.Base_Agent - INFO - Loss -- 3404.056640625
2022-07-24 20:23:51,149 - agents.Base_Agent - INFO - Loss -- 40729.84375
2022-07-24 20:23:59,398 - agents.Base_Agent - INFO - Loss -- 6598.15771484375
2022-07-24 20:24:02,452 - agents.Base_Agent - INFO - Loss -- 6294.9189453125
2022-07-24 20:24:10,827 - agents.Base_Agent - INFO - Loss -- 33273.046875
2022-07-24 20:24:14,094 - agents.Base_Agent - INFO - Loss -- 33478.7734375
2022-07-24 20:24:22,225 - agents.Base_Agent - INFO - Loss -- 33290.23046875
2022-07-24 20:24:25,682 - agents.Base_Agent - INFO - Loss -- 6974.7490234375
2022-07-24 20:24:34,307 - agents.Base_Agent - INFO - Loss -- 39938.2890625
2022-07-24 20:24:41,591 - agents.Base_Agent - INFO - Loss -- 66199.1875
2022-07-24 20:24:44,588 - agents.Base_Agent - INFO - Loss -- 66632.7734375
2022-07-24 20:24:52,659 - agents.Base_Agent - INFO - Loss -- 66367.046875
2022-07-24 20:24:55,763 - agents.Base_Agent - INFO - Loss -- 2816.35595703125
2022-07-24 20:25:03,890 - agents.Base_Agent - INFO - Loss -- 3429.91796875
2022-07-24 20:25:07,073 - agents.Base_Agent - INFO - Loss -- 38753.12109375
2022-07-24 20:25:10,175 - agents.Base_Agent - INFO - Loss -- 3120.25
2022-07-24 20:25:13,331 - agents.Base_Agent - INFO - Loss -- 2353.164306640625
2022-07-24 20:25:16,535 - agents.Base_Agent - INFO - Loss -- 9167.5546875
2022-07-24 20:25:19,823 - agents.Base_Agent - INFO - Loss -- 32501.111328125
2022-07-24 20:25:23,199 - agents.Base_Agent - INFO - Loss -- 10372.3193359375
2022-07-24 20:25:26,537 - agents.Base_Agent - INFO - Loss -- 10200.630859375
2022-07-24 20:25:29,833 - agents.Base_Agent - INFO - Loss -- 9953.8564453125
2022-07-24 20:25:33,075 - agents.Base_Agent - INFO - Loss -- 8415.6142578125
2022-07-24 20:25:36,355 - agents.Base_Agent - INFO - Loss -- 31704.9921875
2022-07-24 20:25:39,635 - agents.Base_Agent - INFO - Loss -- 7859.52685546875
2022-07-24 20:25:42,896 - agents.Base_Agent - INFO - Loss -- 52974.78515625
2022-07-24 20:25:50,183 - agents.Base_Agent - INFO - Loss -- 16631.9921875
2022-07-24 20:25:57,031 - agents.Base_Agent - INFO - Loss -- 71541.203125
2022-07-24 20:26:00,250 - agents.Base_Agent - INFO - Loss -- 30331.2890625
2022-07-24 20:26:07,339 - agents.Base_Agent - INFO - Loss -- 49886.87890625
2022-07-24 20:26:14,241 - agents.Base_Agent - INFO - Loss -- 48913.96875
2022-07-24 20:26:17,302 - agents.Base_Agent - INFO - Loss -- 38279.51953125
2022-07-24 20:26:25,627 - agents.Base_Agent - INFO - Loss -- 33573.8671875
2022-07-24 20:26:28,921 - agents.Base_Agent - INFO - Loss -- 4205.36376953125
2022-07-24 20:26:36,118 - agents.Base_Agent - INFO - Loss -- 3359.705078125
2022-07-24 20:26:42,886 - agents.Base_Agent - INFO - Loss -- 85391.71875
2022-07-24 20:26:45,967 - agents.Base_Agent - INFO - Loss -- 85272.953125
2022-07-24 20:26:53,142 - agents.Base_Agent - INFO - Loss -- 42782.421875
2022-07-24 20:26:56,321 - agents.Base_Agent - INFO - Loss -- 32491.91015625
2022-07-24 20:27:03,133 - agents.Base_Agent - INFO - Loss -- 51884.13671875
2022-07-24 20:27:06,343 - agents.Base_Agent - INFO - Loss -- 39418.20703125
2022-07-24 20:27:14,840 - agents.Base_Agent - INFO - Loss -- 136927.3125
2022-07-24 20:27:18,000 - agents.Base_Agent - INFO - Loss -- 4217.82470703125
2022-07-24 20:27:25,383 - agents.Base_Agent - INFO - Loss -- 2653.9189453125
2022-07-24 20:27:28,395 - agents.Base_Agent - INFO - Loss -- 52168.9296875
2022-07-24 20:27:39,135 - agents.Base_Agent - INFO - Loss -- 9368.6181640625
2022-07-24 20:27:41,976 - agents.Base_Agent - INFO - Loss -- 77821.8125
2022-07-24 20:27:48,985 - agents.Base_Agent - INFO - Loss -- 53886.48828125
2022-07-24 20:27:51,956 - agents.Base_Agent - INFO - Loss -- 84764.4453125
2022-07-24 20:27:58,974 - agents.Base_Agent - INFO - Loss -- 84871.5703125
2022-07-24 20:28:02,043 - agents.Base_Agent - INFO - Loss -- 42523.01953125
2022-07-24 20:28:10,060 - agents.Base_Agent - INFO - Loss -- 3483.351806640625
2022-07-24 20:28:12,960 - agents.Base_Agent - INFO - Loss -- 3172.951171875
2022-07-24 20:28:19,629 - agents.Base_Agent - INFO - Loss -- 91802.96875
2022-07-24 20:28:22,680 - agents.Base_Agent - INFO - Loss -- 92000.578125
2022-07-24 20:28:25,727 - agents.Base_Agent - INFO - Loss -- 53568.90625
2022-07-24 20:28:28,783 - agents.Base_Agent - INFO - Loss -- 85006.3671875
2022-07-24 20:28:31,847 - agents.Base_Agent - INFO - Loss -- 84946.8359375
2022-07-24 20:28:40,078 - agents.Base_Agent - INFO - Loss -- 43710.3203125
2022-07-24 20:28:43,308 - agents.Base_Agent - INFO - Loss -- 64883.8125
2022-07-24 20:28:46,527 - agents.Base_Agent - INFO - Loss -- 140993.28125
2022-07-24 20:28:53,863 - agents.Base_Agent - INFO - Loss -- 70022.8046875
2022-07-24 20:28:57,038 - agents.Base_Agent - INFO - Loss -- 43522.3046875
2022-07-24 20:29:00,197 - agents.Base_Agent - INFO - Loss -- 70202.0390625
2022-07-24 20:29:03,461 - agents.Base_Agent - INFO - Loss -- 42982.8046875
2022-07-24 20:29:06,769 - agents.Base_Agent - INFO - Loss -- 43521.7421875
2022-07-24 20:29:09,954 - agents.Base_Agent - INFO - Loss -- 43666.85546875
2022-07-24 20:29:13,195 - agents.Base_Agent - INFO - Loss -- 43461.65234375
2022-07-24 20:29:16,502 - agents.Base_Agent - INFO - Loss -- 42959.484375
2022-07-24 20:29:19,650 - agents.Base_Agent - INFO - Loss -- 111239.734375
2022-07-24 20:29:22,835 - agents.Base_Agent - INFO - Loss -- 10192.4501953125
2022-07-24 20:29:30,214 - agents.Base_Agent - INFO - Loss -- 22695.478515625
2022-07-24 20:29:37,555 - agents.Base_Agent - INFO - Loss -- 13612.1220703125
2022-07-24 20:29:40,496 - agents.Base_Agent - INFO - Loss -- 100189.8359375
2022-07-24 20:29:48,644 - agents.Base_Agent - INFO - Loss -- 106190.03125
2022-07-24 20:29:51,751 - agents.Base_Agent - INFO - Loss -- 109023.1015625
2022-07-24 20:29:59,153 - agents.Base_Agent - INFO - Loss -- 26712.923828125
2022-07-24 20:30:02,657 - agents.Base_Agent - INFO - Loss -- 26839.1640625
2022-07-24 20:30:10,793 - agents.Base_Agent - INFO - Loss -- 121628.0390625
2022-07-24 20:30:13,775 - agents.Base_Agent - INFO - Loss -- 138741.265625
2022-07-24 20:30:20,906 - agents.Base_Agent - INFO - Loss -- 98229.53125
2022-07-24 20:30:27,741 - agents.Base_Agent - INFO - Loss -- 15721.0263671875
2022-07-24 20:30:30,830 - agents.Base_Agent - INFO - Loss -- 25008.703125
2022-07-24 20:30:39,020 - agents.Base_Agent - INFO - Loss -- 160080.21875
2022-07-24 20:30:42,198 - agents.Base_Agent - INFO - Loss -- 15397.7060546875
2022-07-24 20:30:49,102 - agents.Base_Agent - INFO - Loss -- 161871.609375
2022-07-24 20:30:52,174 - agents.Base_Agent - INFO - Loss -- 35390.3046875
2022-07-24 20:31:00,307 - agents.Base_Agent - INFO - Loss -- 153478.515625
2022-07-24 20:31:12,788 - agents.Base_Agent - INFO - Loss -- 17342.505859375
2022-07-24 20:31:15,778 - agents.Base_Agent - INFO - Loss -- 17238.833984375
2022-07-24 20:31:22,879 - agents.Base_Agent - INFO - Loss -- 45508.796875
2022-07-24 20:31:26,049 - agents.Base_Agent - INFO - Loss -- 103051.6484375
2022-07-24 20:31:34,440 - agents.Base_Agent - INFO - Loss -- 40177.3203125
2022-07-24 20:31:37,554 - agents.Base_Agent - INFO - Loss -- 105471.890625
2022-07-24 20:31:45,842 - agents.Base_Agent - INFO - Loss -- 17648.30859375
2022-07-24 20:31:48,990 - agents.Base_Agent - INFO - Loss -- 15225.7626953125
2022-07-24 20:31:52,148 - agents.Base_Agent - INFO - Loss -- 194718.859375
2022-07-24 20:31:55,419 - agents.Base_Agent - INFO - Loss -- 107217.953125
2022-07-24 20:31:58,666 - agents.Base_Agent - INFO - Loss -- 51315.75390625
2022-07-24 20:32:01,821 - agents.Base_Agent - INFO - Loss -- 209825.421875
2022-07-24 20:32:04,908 - agents.Base_Agent - INFO - Loss -- 16282.990234375
2022-07-24 20:32:08,131 - agents.Base_Agent - INFO - Loss -- 202125.25
2022-07-24 20:32:11,379 - agents.Base_Agent - INFO - Loss -- 217764.1875
2022-07-24 20:32:14,640 - agents.Base_Agent - INFO - Loss -- 218397.71875
2022-07-24 20:32:18,002 - agents.Base_Agent - INFO - Loss -- 15586.4052734375
2022-07-24 20:32:21,378 - agents.Base_Agent - INFO - Loss -- 14897.548828125
2022-07-24 20:32:24,736 - agents.Base_Agent - INFO - Loss -- 13740.7763671875
2022-07-24 20:32:28,025 - agents.Base_Agent - INFO - Loss -- 12475.1611328125
2022-07-24 20:32:31,302 - agents.Base_Agent - INFO - Loss -- 11406.4765625
2022-07-24 20:32:34,689 - agents.Base_Agent - INFO - Loss -- 10088.494140625
2022-07-24 20:32:37,991 - agents.Base_Agent - INFO - Loss -- 8570.1357421875
2022-07-24 20:32:41,201 - agents.Base_Agent - INFO - Loss -- 16598.6015625
2022-07-24 20:32:49,590 - agents.Base_Agent - INFO - Loss -- 58212.93359375
2022-07-24 20:32:52,615 - agents.Base_Agent - INFO - Loss -- 243512.984375
2022-07-24 20:32:55,777 - agents.Base_Agent - INFO - Loss -- 246444.0625
2022-07-24 20:33:03,664 - agents.Base_Agent - INFO - Loss -- 274495.90625
2022-07-24 20:33:06,877 - agents.Base_Agent - INFO - Loss -- 46275.81640625
2022-07-24 20:33:14,919 - agents.Base_Agent - INFO - Loss -- 292290.34375
2022-07-24 20:33:18,037 - agents.Base_Agent - INFO - Loss -- 276624.625
2022-07-24 20:33:24,920 - agents.Base_Agent - INFO - Loss -- 283509.53125
2022-07-24 20:33:32,250 - agents.Base_Agent - INFO - Loss -- 16639.5
2022-07-24 20:33:35,477 - agents.Base_Agent - INFO - Loss -- 280765.0
2022-07-24 20:33:43,768 - agents.Base_Agent - INFO - Loss -- 347566.40625
2022-07-24 20:33:46,796 - agents.Base_Agent - INFO - Loss -- 141360.171875
2022-07-24 20:33:54,805 - agents.Base_Agent - INFO - Loss -- 45589.7265625
2022-07-24 20:33:58,038 - agents.Base_Agent - INFO - Loss -- 118117.5
2022-07-24 20:34:05,175 - agents.Base_Agent - INFO - Loss -- 394048.6875
2022-07-24 20:34:08,362 - agents.Base_Agent - INFO - Loss -- 61179.40625
2022-07-24 20:34:16,584 - agents.Base_Agent - INFO - Loss -- 68928.4375
2022-07-24 20:34:27,569 - agents.Base_Agent - INFO - Loss -- 88272.8359375
2022-07-24 20:34:30,651 - agents.Base_Agent - INFO - Loss -- 442535.21875
2022-07-24 20:34:38,884 - agents.Base_Agent - INFO - Loss -- 37705.53125
2022-07-24 20:34:42,140 - agents.Base_Agent - INFO - Loss -- 36706.53125
2022-07-24 20:34:49,195 - agents.Base_Agent - INFO - Loss -- 480772.21875
2022-07-24 20:34:52,298 - agents.Base_Agent - INFO - Loss -- 84520.453125
2022-07-24 20:34:59,444 - agents.Base_Agent - INFO - Loss -- 471005.5
2022-07-24 20:35:02,424 - agents.Base_Agent - INFO - Loss -- 484442.9375
2022-07-24 20:35:09,817 - agents.Base_Agent - INFO - Loss -- 68800.7890625
2022-07-24 20:35:13,300 - agents.Base_Agent - INFO - Loss -- 171473.1875
2022-07-24 20:35:20,951 - agents.Base_Agent - INFO - Loss -- 526912.0625
2022-07-24 20:35:24,024 - agents.Base_Agent - INFO - Loss -- 592498.9375
2022-07-24 20:35:27,095 - agents.Base_Agent - INFO - Loss -- 60742.671875
2022-07-24 20:35:35,278 - agents.Base_Agent - INFO - Loss -- 630397.9375
2022-07-24 20:35:38,328 - agents.Base_Agent - INFO - Loss -- 138273.46875
2022-07-24 20:35:46,219 - agents.Base_Agent - INFO - Loss -- 612296.0
2022-07-24 20:35:53,278 - agents.Base_Agent - INFO - Loss -- 645643.4375
2022-07-24 20:35:56,185 - agents.Base_Agent - INFO - Loss -- 668773.625
2022-07-24 20:36:03,114 - agents.Base_Agent - INFO - Loss -- 66209.390625
2022-07-24 20:36:06,426 - agents.Base_Agent - INFO - Loss -- 86243.703125
2022-07-24 20:36:14,924 - agents.Base_Agent - INFO - Loss -- 124378.359375
2022-07-24 20:36:18,151 - agents.Base_Agent - INFO - Loss -- 456313.53125
2022-07-24 20:36:26,491 - agents.Base_Agent - INFO - Loss -- 203989.171875
2022-07-24 20:36:33,349 - agents.Base_Agent - INFO - Loss -- 74917.1640625
2022-07-24 20:36:36,408 - agents.Base_Agent - INFO - Loss -- 73242.1875
2022-07-24 20:36:43,358 - agents.Base_Agent - INFO - Loss -- 132902.8125
2022-07-24 20:36:46,591 - agents.Base_Agent - INFO - Loss -- 1882373.5
2022-07-24 20:36:53,806 - agents.Base_Agent - INFO - Loss -- 291699.65625
2022-07-24 20:36:56,982 - agents.Base_Agent - INFO - Loss -- 839021.4375
2022-07-24 20:37:05,091 - agents.Base_Agent - INFO - Loss -- 848188.875
2022-07-24 20:37:08,152 - agents.Base_Agent - INFO - Loss -- 862005.375
2022-07-24 20:37:11,257 - agents.Base_Agent - INFO - Loss -- 148473.140625
2022-07-24 20:37:18,501 - agents.Base_Agent - INFO - Loss -- 313347.75
2022-07-24 20:37:21,653 - agents.Base_Agent - INFO - Loss -- 92146.4375
2022-07-24 20:37:28,603 - agents.Base_Agent - INFO - Loss -- 68920.1953125
2022-07-24 20:37:31,570 - agents.Base_Agent - INFO - Loss -- 68120.1640625
2022-07-24 20:37:34,608 - agents.Base_Agent - INFO - Loss -- 66589.8125
2022-07-24 20:37:37,678 - agents.Base_Agent - INFO - Loss -- 64485.50390625
2022-07-24 20:37:40,695 - agents.Base_Agent - INFO - Loss -- 62049.859375
2022-07-24 20:37:43,646 - agents.Base_Agent - INFO - Loss -- 59466.2890625
2022-07-24 20:37:46,677 - agents.Base_Agent - INFO - Loss -- 56815.10546875
2022-07-24 20:37:49,610 - agents.Base_Agent - INFO - Loss -- 54223.91015625
2022-07-24 20:37:52,718 - agents.Base_Agent - INFO - Loss -- 42851.19921875
2022-07-24 20:37:55,730 - agents.Base_Agent - INFO - Loss -- 48718.4296875
2022-07-24 20:37:58,802 - agents.Base_Agent - INFO - Loss -- 46046.78125
2022-07-24 20:38:06,779 - agents.Base_Agent - INFO - Loss -- 101579.09375
2022-07-24 20:38:09,884 - agents.Base_Agent - INFO - Loss -- 216938.203125
2022-07-24 20:38:13,132 - agents.Base_Agent - INFO - Loss -- 486279.1875
2022-07-24 20:38:20,895 - agents.Base_Agent - INFO - Loss -- 150250.25
2022-07-24 20:38:24,064 - agents.Base_Agent - INFO - Loss -- 321640.8125
2022-07-24 20:38:32,323 - agents.Base_Agent - INFO - Loss -- 150586.671875
2022-07-24 20:38:35,432 - agents.Base_Agent - INFO - Loss -- 149379.09375
2022-07-24 20:38:38,581 - agents.Base_Agent - INFO - Loss -- 321714.03125
2022-07-24 20:38:45,799 - agents.Base_Agent - INFO - Loss -- 1680547.875
2022-07-24 20:38:48,944 - agents.Base_Agent - INFO - Loss -- 216055.453125
2022-07-24 20:38:52,180 - agents.Base_Agent - INFO - Loss -- 216224.53125
2022-07-24 20:38:55,451 - agents.Base_Agent - INFO - Loss -- 689365.25
2022-07-24 20:39:03,961 - agents.Base_Agent - INFO - Loss -- 154011.71875
2022-07-24 20:39:07,188 - agents.Base_Agent - INFO - Loss -- 154555.984375
2022-07-24 20:39:10,343 - agents.Base_Agent - INFO - Loss -- 157490.28125
2022-07-24 20:39:17,663 - agents.Base_Agent - INFO - Loss -- 25660.693359375
2022-07-24 20:39:20,614 - agents.Base_Agent - INFO - Loss -- 10088.6025390625
2022-07-24 20:39:23,572 - agents.Base_Agent - INFO - Loss -- 9141.150390625
2022-07-24 20:39:26,567 - agents.Base_Agent - INFO - Loss -- 29688.990234375
2022-07-24 20:39:33,515 - agents.Base_Agent - INFO - Loss -- 29535.8359375
2022-07-24 20:39:36,425 - agents.Base_Agent - INFO - Loss -- 29019.33203125
2022-07-24 20:39:39,378 - agents.Base_Agent - INFO - Loss -- 27728.130859375
2022-07-24 20:39:42,327 - agents.Base_Agent - INFO - Loss -- 26294.814453125
2022-07-24 20:39:45,244 - agents.Base_Agent - INFO - Loss -- 24990.84375
2022-07-24 20:39:48,228 - agents.Base_Agent - INFO - Loss -- 23338.099609375
2022-07-24 20:39:51,230 - agents.Base_Agent - INFO - Loss -- 21408.580078125
2022-07-24 20:39:54,253 - agents.Base_Agent - INFO - Loss -- 19470.94921875
2022-07-24 20:39:57,326 - agents.Base_Agent - INFO - Loss -- 17643.197265625
2022-07-24 20:40:00,444 - agents.Base_Agent - INFO - Loss -- 16267.888671875
2022-07-24 20:40:03,574 - agents.Base_Agent - INFO - Loss -- 15657.8798828125
2022-07-24 20:40:06,687 - agents.Base_Agent - INFO - Loss -- 15660.0458984375
2022-07-24 20:40:14,201 - agents.Base_Agent - INFO - Loss -- 96724.984375
2022-07-24 20:40:17,386 - agents.Base_Agent - INFO - Loss -- 47678.15625
2022-07-24 20:40:20,682 - agents.Base_Agent - INFO - Loss -- 1001986.875
2022-07-24 20:40:27,865 - agents.Base_Agent - INFO - Loss -- 1048038.4375
2022-07-24 20:40:31,038 - agents.Base_Agent - INFO - Loss -- 2185002.75
2022-07-24 20:40:35,103 - agents.Base_Agent - INFO - Loss -- 186118.53125
2022-07-24 20:40:42,898 - agents.Base_Agent - INFO - Loss -- 169454.03125
2022-07-24 20:40:46,199 - agents.Base_Agent - INFO - Loss -- 230284.03125
2022-07-24 20:40:49,532 - agents.Base_Agent - INFO - Loss -- 30984.6171875
2022-07-24 20:40:53,008 - agents.Base_Agent - INFO - Loss -- 183342.6875
2022-07-24 20:40:56,398 - agents.Base_Agent - INFO - Loss -- 187230.90625
2022-07-24 20:41:00,092 - agents.Base_Agent - INFO - Loss -- 188616.40625
2022-07-24 20:41:03,647 - agents.Base_Agent - INFO - Loss -- 187879.6875
2022-07-24 20:41:07,266 - agents.Base_Agent - INFO - Loss -- 185142.296875
2022-07-24 20:41:10,738 - agents.Base_Agent - INFO - Loss -- 181214.625
2022-07-24 20:41:14,318 - agents.Base_Agent - INFO - Loss -- 176154.75
2022-07-24 20:41:17,937 - agents.Base_Agent - INFO - Loss -- 170246.953125
2022-07-24 20:41:21,478 - agents.Base_Agent - INFO - Loss -- 163669.28125
2022-07-24 20:41:25,052 - agents.Base_Agent - INFO - Loss -- 158577.484375
2022-07-24 20:41:28,816 - agents.Base_Agent - INFO - Loss -- 157014.03125
2022-07-24 20:41:32,505 - agents.Base_Agent - INFO - Loss -- 152456.546875
2022-07-24 20:41:36,213 - agents.Base_Agent - INFO - Loss -- 145233.390625
2022-07-24 20:41:39,785 - agents.Base_Agent - INFO - Loss -- 135862.515625
2022-07-24 20:41:43,445 - agents.Base_Agent - INFO - Loss -- 125013.9296875
2022-07-24 20:41:47,042 - agents.Base_Agent - INFO - Loss -- 113482.53125
2022-07-24 20:41:50,548 - agents.Base_Agent - INFO - Loss -- 697660.625
2022-07-24 20:41:57,478 - agents.Base_Agent - INFO - Loss -- 598563.5
2022-07-24 20:42:00,586 - agents.Base_Agent - INFO - Loss -- 28386.796875
2022-07-24 20:42:07,460 - agents.Base_Agent - INFO - Loss -- 121304.921875
2022-07-24 20:42:10,700 - agents.Base_Agent - INFO - Loss -- 211113.234375
2022-07-24 20:42:19,225 - agents.Base_Agent - INFO - Loss -- 176370.21875
2022-07-24 20:42:22,298 - agents.Base_Agent - INFO - Loss -- 354296.90625
2022-07-24 20:42:29,996 - agents.Base_Agent - INFO - Loss -- 10623.78515625
2022-07-24 20:42:32,995 - agents.Base_Agent - INFO - Loss -- 23862.3203125
2022-07-24 20:42:35,994 - agents.Base_Agent - INFO - Loss -- 21897.95703125
2022-07-24 20:42:43,736 - agents.Base_Agent - INFO - Loss -- 143636.4375
2022-07-24 20:42:46,733 - agents.Base_Agent - INFO - Loss -- 707496.125
2022-07-24 20:42:49,794 - agents.Base_Agent - INFO - Loss -- 115677.2734375
2022-07-24 20:42:52,850 - agents.Base_Agent - INFO - Loss -- 1741240.625
2022-07-24 20:42:55,886 - agents.Base_Agent - INFO - Loss -- 1787217.75
2022-07-24 20:42:58,908 - agents.Base_Agent - INFO - Loss -- 2616357.25
2022-07-24 20:43:02,119 - agents.Base_Agent - INFO - Loss -- 1871739.0
2022-07-24 20:43:05,170 - agents.Base_Agent - INFO - Loss -- 1900250.125
2022-07-24 20:43:08,337 - agents.Base_Agent - INFO - Loss -- 1924115.125
2022-07-24 20:43:11,420 - agents.Base_Agent - INFO - Loss -- 1944112.0
2022-07-24 20:43:14,587 - agents.Base_Agent - INFO - Loss -- 1961166.125
2022-07-24 20:43:17,658 - agents.Base_Agent - INFO - Loss -- 1976232.75
2022-07-24 20:43:20,821 - agents.Base_Agent - INFO - Loss -- 883936.125
2022-07-24 20:43:23,977 - agents.Base_Agent - INFO - Loss -- 882017.875
2022-07-24 20:43:27,031 - agents.Base_Agent - INFO - Loss -- 216293.0
2022-07-24 20:43:34,211 - agents.Base_Agent - INFO - Loss -- 2949338.0
2022-07-24 20:43:37,353 - agents.Base_Agent - INFO - Loss -- 539078.375
2022-07-24 20:43:44,479 - agents.Base_Agent - INFO - Loss -- 172068.078125
2022-07-24 20:43:47,535 - agents.Base_Agent - INFO - Loss -- 357570.1875
2022-07-24 20:43:54,569 - agents.Base_Agent - INFO - Loss -- 435314.875
2022-07-24 20:44:01,684 - agents.Base_Agent - INFO - Loss -- 1205018.0
2022-07-24 20:44:04,666 - agents.Base_Agent - INFO - Loss -- 1225728.375
2022-07-24 20:44:12,650 - agents.Base_Agent - INFO - Loss -- 365683.625
2022-07-24 20:44:15,888 - agents.Base_Agent - INFO - Loss -- 148883.484375
2022-07-24 20:44:24,275 - agents.Base_Agent - INFO - Loss -- 3476344.5
2022-07-24 20:44:27,337 - agents.Base_Agent - INFO - Loss -- 401828.125
2022-07-24 20:44:34,123 - agents.Base_Agent - INFO - Loss -- 1137221.75
2022-07-24 20:44:41,205 - agents.Base_Agent - INFO - Loss -- 148383.046875
2022-07-24 20:44:44,428 - agents.Base_Agent - INFO - Loss -- 952195.25
2022-07-24 20:44:51,905 - agents.Base_Agent - INFO - Loss -- 3583784.75
2022-07-24 20:44:54,970 - agents.Base_Agent - INFO - Loss -- 3637832.5
2022-07-24 20:45:03,185 - agents.Base_Agent - INFO - Loss -- 158684.8125
2022-07-24 20:45:06,627 - agents.Base_Agent - INFO - Loss -- 2988592.25
2022-07-24 20:45:15,061 - agents.Base_Agent - INFO - Loss -- 3201105.5
